# JRE version: Java(TM) SE Runtime Environment (8.0_111-b14) (build 1.8.0_111-b14)
# Java VM: Java HotSpot(TM) 64-Bit Server VM (25.111-b14 mixed mode windows-amd64 compressed oops)
Heap:
 PSYoungGen      total 112128K, used 86619K [0x0000000780a00000, 0x000000078bf00000, 0x00000007c0000000)
  eden space 100864K, 85% used [0x0000000780a00000,0x0000000785e96cb8,0x0000000786c80000)
  from space 11264K, 0% used [0x0000000786c80000,0x0000000786c80000,0x0000000787780000)
  to   space 10752K, 0% used [0x000000078b480000,0x000000078b480000,0x000000078bf00000)
 ParOldGen       total 84992K, used 11126K [0x0000000701e00000, 0x0000000707100000, 0x0000000780a00000)
  object space 84992K, 13% used [0x0000000701e00000,0x00000007028dd990,0x0000000707100000)
 Metaspace       used 44782K, capacity 47358K, committed 47488K, reserved 1089536K
  class space    used 6249K, capacity 6718K, committed 6784K, reserved 1048576K
GC Heap History (10 events):
Event: 2.374 GC heap before
{Heap before GC invocations=5 (full 1):
 PSYoungGen      total 57344K, used 49150K [0x0000000780a00000, 0x0000000787a00000, 0x00000007c0000000)
  eden space 49152K, 99% used [0x0000000780a00000,0x00000007839ffb80,0x0000000783a00000)
  from space 8192K, 0% used [0x0000000783a00000,0x0000000783a00000,0x0000000784200000)
  to   space 8192K, 0% used [0x0000000787200000,0x0000000787200000,0x0000000787a00000)
 ParOldGen       total 84992K, used 7380K [0x0000000701e00000, 0x0000000707100000, 0x0000000780a00000)
  object space 84992K, 8% used [0x0000000701e00000,0x0000000702535280,0x0000000707100000)
 Metaspace       used 22703K, capacity 24362K, committed 24576K, reserved 1071104K
  class space    used 2965K, capacity 3271K, committed 3328K, reserved 1048576K
Event: 2.379 GC heap after
Heap after GC invocations=5 (full 1):
 PSYoungGen      total 76288K, used 4504K [0x0000000780a00000, 0x0000000787680000, 0x00000007c0000000)
  eden space 71680K, 0% used [0x0000000780a00000,0x0000000780a00000,0x0000000785000000)
  from space 4608K, 97% used [0x0000000787200000,0x00000007876663d0,0x0000000787680000)
  to   space 8192K, 0% used [0x0000000786680000,0x0000000786680000,0x0000000786e80000)
 ParOldGen       total 84992K, used 7380K [0x0000000701e00000, 0x0000000707100000, 0x0000000780a00000)
  object space 84992K, 8% used [0x0000000701e00000,0x0000000702535280,0x0000000707100000)
 Metaspace       used 22703K, capacity 24362K, committed 24576K, reserved 1071104K
  class space    used 2965K, capacity 3271K, committed 3328K, reserved 1048576K
}
Event: 3.118 GC heap before
{Heap before GC invocations=6 (full 1):
 PSYoungGen      total 76288K, used 76184K [0x0000000780a00000, 0x0000000787680000, 0x00000007c0000000)
  eden space 71680K, 100% used [0x0000000780a00000,0x0000000785000000,0x0000000785000000)
  from space 4608K, 97% used [0x0000000787200000,0x00000007876663d0,0x0000000787680000)
  to   space 8192K, 0% used [0x0000000786680000,0x0000000786680000,0x0000000786e80000)
 ParOldGen       total 84992K, used 7380K [0x0000000701e00000, 0x0000000707100000, 0x0000000780a00000)
  object space 84992K, 8% used [0x0000000701e00000,0x0000000702535280,0x0000000707100000)
 Metaspace       used 25455K, capacity 27218K, committed 27520K, reserved 1073152K
  class space    used 3306K, capacity 3641K, committed 3712K, reserved 1048576K
Event: 3.128 GC heap after
Heap after GC invocations=6 (full 1):
 PSYoungGen      total 102912K, used 5849K [0x0000000780a00000, 0x0000000788000000, 0x00000007c0000000)
  eden space 94720K, 0% used [0x0000000780a00000,0x0000000780a00000,0x0000000786680000)
  from space 8192K, 71% used [0x0000000786680000,0x0000000786c365a8,0x0000000786e80000)
  to   space 8704K, 0% used [0x0000000787780000,0x0000000787780000,0x0000000788000000)
 ParOldGen       total 84992K, used 7380K [0x0000000701e00000, 0x0000000707100000, 0x0000000780a00000)
  object space 84992K, 8% used [0x0000000701e00000,0x0000000702535280,0x0000000707100000)
 Metaspace       used 25455K, capacity 27218K, committed 27520K, reserved 1073152K
  class space    used 3306K, capacity 3641K, committed 3712K, reserved 1048576K
}
Event: 4.297 GC heap before
{Heap before GC invocations=7 (full 1):
 PSYoungGen      total 102912K, used 100569K [0x0000000780a00000, 0x0000000788000000, 0x00000007c0000000)
  eden space 94720K, 100% used [0x0000000780a00000,0x0000000786680000,0x0000000786680000)
  from space 8192K, 71% used [0x0000000786680000,0x0000000786c365a8,0x0000000786e80000)
  to   space 8704K, 0% used [0x0000000787780000,0x0000000787780000,0x0000000788000000)
 ParOldGen       total 84992K, used 7380K [0x0000000701e00000, 0x0000000707100000, 0x0000000780a00000)
  object space 84992K, 8% used [0x0000000701e00000,0x0000000702535280,0x0000000707100000)
 Metaspace       used 32465K, capacity 34716K, committed 35072K, reserved 1079296K
  class space    used 4330K, capacity 4741K, committed 4864K, reserved 1048576K
Event: 4.308 GC heap after
Heap after GC invocations=7 (full 1):
 PSYoungGen      total 109568K, used 8688K [0x0000000780a00000, 0x000000078a300000, 0x00000007c0000000)
  eden space 100864K, 0% used [0x0000000780a00000,0x0000000780a00000,0x0000000786c80000)
  from space 8704K, 99% used [0x0000000787780000,0x0000000787ffc388,0x0000000788000000)
  to   space 11264K, 0% used [0x0000000786c80000,0x0000000786c80000,0x0000000787780000)
 ParOldGen       total 84992K, used 10185K [0x0000000701e00000, 0x0000000707100000, 0x0000000780a00000)
  object space 84992K, 11% used [0x0000000701e00000,0x00000007027f2730,0x0000000707100000)
 Metaspace       used 32465K, capacity 34716K, committed 35072K, reserved 1079296K
  class space    used 4330K, capacity 4741K, committed 4864K, reserved 1048576K
}
Event: 4.400 GC heap before
{Heap before GC invocations=8 (full 1):
 PSYoungGen      total 109568K, used 14252K [0x0000000780a00000, 0x000000078a300000, 0x00000007c0000000)
  eden space 100864K, 5% used [0x0000000780a00000,0x0000000780f6ee58,0x0000000786c80000)
  from space 8704K, 99% used [0x0000000787780000,0x0000000787ffc388,0x0000000788000000)
  to   space 11264K, 0% used [0x0000000786c80000,0x0000000786c80000,0x0000000787780000)
 ParOldGen       total 84992K, used 10185K [0x0000000701e00000, 0x0000000707100000, 0x0000000780a00000)
  object space 84992K, 11% used [0x0000000701e00000,0x00000007027f2730,0x0000000707100000)
 Metaspace       used 33032K, capacity 35234K, committed 35456K, reserved 1079296K
  class space    used 4450K, capacity 4870K, committed 4992K, reserved 1048576K
Event: 4.408 GC heap after
Heap after GC invocations=8 (full 1):
 PSYoungGen      total 112128K, used 6628K [0x0000000780a00000, 0x000000078bf00000, 0x00000007c0000000)
  eden space 100864K, 0% used [0x0000000780a00000,0x0000000780a00000,0x0000000786c80000)
  from space 11264K, 58% used [0x0000000786c80000,0x00000007872f9200,0x0000000787780000)
  to   space 10752K, 0% used [0x000000078b480000,0x000000078b480000,0x000000078bf00000)
 ParOldGen       total 84992K, used 10193K [0x0000000701e00000, 0x0000000707100000, 0x0000000780a00000)
  object space 84992K, 11% used [0x0000000701e00000,0x00000007027f4730,0x0000000707100000)
 Metaspace       used 33032K, capacity 35234K, committed 35456K, reserved 1079296K
  class space    used 4450K, capacity 4870K, committed 4992K, reserved 1048576K
}
Event: 4.408 GC heap before
{Heap before GC invocations=9 (full 2):
 PSYoungGen      total 112128K, used 6628K [0x0000000780a00000, 0x000000078bf00000, 0x00000007c0000000)
  eden space 100864K, 0% used [0x0000000780a00000,0x0000000780a00000,0x0000000786c80000)
  from space 11264K, 58% used [0x0000000786c80000,0x00000007872f9200,0x0000000787780000)
  to   space 10752K, 0% used [0x000000078b480000,0x000000078b480000,0x000000078bf00000)
 ParOldGen       total 84992K, used 10193K [0x0000000701e00000, 0x0000000707100000, 0x0000000780a00000)
  object space 84992K, 11% used [0x0000000701e00000,0x00000007027f4730,0x0000000707100000)
 Metaspace       used 33032K, capacity 35234K, committed 35456K, reserved 1079296K
  class space    used 4450K, capacity 4870K, committed 4992K, reserved 1048576K
Event: 4.453 GC heap after
Heap after GC invocations=9 (full 2):
 PSYoungGen      total 112128K, used 0K [0x0000000780a00000, 0x000000078bf00000, 0x00000007c0000000)
  eden space 100864K, 0% used [0x0000000780a00000,0x0000000780a00000,0x0000000786c80000)
  from space 11264K, 0% used [0x0000000786c80000,0x0000000786c80000,0x0000000787780000)
  to   space 10752K, 0% used [0x000000078b480000,0x000000078b480000,0x000000078bf00000)
 ParOldGen       total 84992K, used 11126K [0x0000000701e00000, 0x0000000707100000, 0x0000000780a00000)
  object space 84992K, 13% used [0x0000000701e00000,0x00000007028dd990,0x0000000707100000)
 Metaspace       used 33032K, capacity 35234K, committed 35456K, reserved 1079296K
  class space    used 4450K, capacity 4870K, committed 4992K, reserved 1048576K
}

